<?xml version="1.0" encoding="UTF-8"?>
<!-- Generated by org.testng.reporters.JUnitReportReporter -->
<testsuite hostname="DESKTOP-3JHQIJO" failures="0" tests="1" name="Execution.LoginTestRunner" time="0.202" errors="1" timestamp="2025-08-24T13:27:22 IST" skipped="0">
  <testcase classname="Execution.LoginTestRunner" name="runScenario" time="0.202">
    <error message="The step &#039;login page&#039; and 4 other step(s) are undefined.
You can implement these steps using the snippet(s) below:

@Given(&quot;login page&quot;)
public void login_page() {
    // Write code here that turns the phrase above into concrete actions
    throw new io.cucumber.java.PendingException();
}
@When(&quot;ender valid {string}&quot;)
public void ender_valid(String string) {
    // Write code here that turns the phrase above into concrete actions
    throw new io.cucumber.java.PendingException();
}
@When(&quot;enter valid {string}&quot;)
public void enter_valid(String string) {
    // Write code here that turns the phrase above into concrete actions
    throw new io.cucumber.java.PendingException();
}
@When(&quot;click logout button&quot;)
public void click_logout_button() {
    // Write code here that turns the phrase above into concrete actions
    throw new io.cucumber.java.PendingException();
}
@Then(&quot;account should successfully logout&quot;)
public void account_should_successfully_logout() {
    // Write code here that turns the phrase above into concrete actions
    throw new io.cucumber.java.PendingException();
}
" type="io.cucumber.testng.UndefinedStepException">
      <![CDATA[io.cucumber.testng.UndefinedStepException: The step 'login page' and 4 other step(s) are undefined.
You can implement these steps using the snippet(s) below:

@Given("login page")
public void login_page() {
    // Write code here that turns the phrase above into concrete actions
    throw new io.cucumber.java.PendingException();
}
@When("ender valid {string}")
public void ender_valid(String string) {
    // Write code here that turns the phrase above into concrete actions
    throw new io.cucumber.java.PendingException();
}
@When("enter valid {string}")
public void enter_valid(String string) {
    // Write code here that turns the phrase above into concrete actions
    throw new io.cucumber.java.PendingException();
}
@When("click logout button")
public void click_logout_button() {
    // Write code here that turns the phrase above into concrete actions
    throw new io.cucumber.java.PendingException();
}
@Then("account should successfully logout")
public void account_should_successfully_logout() {
    // Write code here that turns the phrase above into concrete actions
    throw new io.cucumber.java.PendingException();
}

at ✽.login page(file:///C:/Users/Dell/eclipse-workspace/BDD/./src/test/resources/Features/file.feature:7)
]]>
    </error>
  </testcase> <!-- runScenario -->
</testsuite> <!-- Execution.LoginTestRunner -->
