<?xml version="1.0" encoding="UTF-8"?>
<testng-results ignored="0" total="1" passed="1" failed="0" skipped="0">
  <reporter-output>
  </reporter-output>
  <suite started-at="2025-08-24T14:00:20 IST" name="Default suite" finished-at="2025-08-24T14:00:28 IST" duration-ms="7585">
    <groups>
      <group name="cucumber">
        <method signature="AbstractTestNGCucumberTests.runScenario(io.cucumber.testng.PickleWrapper,io.cucumber.testng.FeatureWrapper)[pri:0, instance:Execution.Practice_runner@587e5365]" name="runScenario" class="io.cucumber.testng.AbstractTestNGCucumberTests"/>
      </group> <!-- cucumber -->
    </groups>
    <test started-at="2025-08-24T14:00:20 IST" name="Default test" finished-at="2025-08-24T14:00:28 IST" duration-ms="7585">
      <class name="Execution.Practice_runner">
        <test-method is-config="true" signature="setUpClass(org.testng.ITestContext)[pri:0, instance:Execution.Practice_runner@587e5365]" started-at="2025-08-24T14:00:20 IST" name="setUpClass" finished-at="2025-08-24T14:00:21 IST" duration-ms="1030" status="PASS">
          <params>
            <param index="0">
              <value>
                <![CDATA[org.testng.TestRunner@16e7b402]]>
              </value>
            </param>
          </params>
          <reporter-output>
          </reporter-output>
        </test-method> <!-- setUpClass -->
        <test-method signature="runScenario(io.cucumber.testng.PickleWrapper,io.cucumber.testng.FeatureWrapper)[pri:0, instance:Execution.Practice_runner@587e5365]" started-at="2025-08-24T14:00:21 IST" name="runScenario" description="Runs Cucumber Scenarios" data-provider="scenarios" finished-at="2025-08-24T14:00:28 IST" duration-ms="6396" status="PASS">
          <params>
            <param index="0">
              <value>
                <![CDATA["Facebook account should successfully logout"]]>
              </value>
            </param>
            <param index="1">
              <value>
                <![CDATA["logint"]]>
              </value>
            </param>
          </params>
          <reporter-output>
          </reporter-output>
        </test-method> <!-- runScenario -->
        <test-method is-config="true" signature="tearDownClass()[pri:0, instance:Execution.Practice_runner@587e5365]" started-at="2025-08-24T14:00:28 IST" name="tearDownClass" finished-at="2025-08-24T14:00:28 IST" duration-ms="76" status="PASS">
          <reporter-output>
          </reporter-output>
        </test-method> <!-- tearDownClass -->
      </class> <!-- Execution.Practice_runner -->
    </test> <!-- Default test -->
  </suite> <!-- Default suite -->
</testng-results>
