<?xml version="1.0" encoding="UTF-8"?>
<testng-results ignored="0" total="1" passed="1" failed="0" skipped="0">
  <reporter-output>
  </reporter-output>
  <suite started-at="2025-07-19T17:07:10 IST" name="Suite" finished-at="2025-07-19T17:07:14 IST" duration-ms="4366">
    <groups>
    </groups>
    <test started-at="2025-07-19T17:07:10 IST" name="Test" finished-at="2025-07-19T17:07:14 IST" duration-ms="4366">
      <class name="api_scripts.Register_shopper">
        <test-method signature="register()[pri:0, instance:api_scripts.Register_shopper@2f9f7dcf]" started-at="2025-07-19T17:07:10 IST" name="register" finished-at="2025-07-19T17:07:14 IST" duration-ms="4301" status="PASS">
          <reporter-output>
          </reporter-output>
        </test-method> <!-- register -->
      </class> <!-- api_scripts.Register_shopper -->
    </test> <!-- Test -->
  </suite> <!-- Suite -->
</testng-results>
